Started GET "/" for 127.0.0.1 at 2017-06-05 21:56:32 -0700
Processing by Rails::WelcomeController#index as HTML
  Rendering /usr/local/lib/ruby/gems/2.4.0/gems/railties-5.1.1/lib/rails/templates/rails/welcome/index.html.erb
  Rendered /usr/local/lib/ruby/gems/2.4.0/gems/railties-5.1.1/lib/rails/templates/rails/welcome/index.html.erb (3.5ms)
Completed 200 OK in 186ms (Views: 8.8ms)


Started GET "/" for 127.0.0.1 at 2017-06-06 10:41:09 -0700
Processing by Rails::WelcomeController#index as HTML
  Rendering /usr/local/lib/ruby/gems/2.4.0/gems/railties-5.1.1/lib/rails/templates/rails/welcome/index.html.erb
  Rendered /usr/local/lib/ruby/gems/2.4.0/gems/railties-5.1.1/lib/rails/templates/rails/welcome/index.html.erb (4.3ms)
Completed 200 OK in 106ms (Views: 11.0ms)


Started GET "/" for 127.0.0.1 at 2017-06-06 10:42:14 -0700
Processing by WelcomeController#index as HTML
  Rendering welcome/index.html.erb within layouts/application
  Rendered welcome/index.html.erb within layouts/application (0.8ms)
Completed 200 OK in 685ms (Views: 549.9ms)


Started GET "/" for 127.0.0.1 at 2017-06-06 10:45:27 -0700
Processing by WelcomeController#index as HTML
  Rendering welcome/index.html.erb within layouts/application
  Rendered welcome/index.html.erb within layouts/application (0.6ms)
Completed 200 OK in 275ms (Views: 167.9ms)


Started GET "/" for 127.0.0.1 at 2017-06-06 10:45:29 -0700
Processing by WelcomeController#index as HTML
  Rendering welcome/index.html.erb within layouts/application
  Rendered welcome/index.html.erb within layouts/application (0.3ms)
Completed 200 OK in 14ms (Views: 12.7ms)


Started GET "/" for 127.0.0.1 at 2017-06-06 14:58:15 -0700
Processing by WelcomeController#index as HTML
  Rendering welcome/index.html.erb within layouts/application
  Rendered welcome/index.html.erb within layouts/application (1.2ms)
Completed 200 OK in 381ms (Views: 210.1ms)


Started GET "/" for 127.0.0.1 at 2017-06-06 15:00:21 -0700
Processing by WelcomeController#index as HTML
  Rendering welcome/index.html.erb within layouts/application
  Rendered welcome/index.html.erb within layouts/application (0.8ms)
Completed 200 OK in 307ms (Views: 175.8ms)


Started GET "/articles/new" for 127.0.0.1 at 2017-06-06 15:00:23 -0700
  
AbstractController::ActionNotFound (The action 'new' could not be found for ArticlesController):
  
actionpack (5.1.1) lib/abstract_controller/base.rb:119:in `process'
actionview (5.1.1) lib/action_view/rendering.rb:30:in `process'
actionpack (5.1.1) lib/action_controller/metal.rb:189:in `dispatch'
actionpack (5.1.1) lib/action_controller/metal.rb:253:in `dispatch'
actionpack (5.1.1) lib/action_dispatch/routing/route_set.rb:49:in `dispatch'
actionpack (5.1.1) lib/action_dispatch/routing/route_set.rb:31:in `serve'
actionpack (5.1.1) lib/action_dispatch/journey/router.rb:46:in `block in serve'
actionpack (5.1.1) lib/action_dispatch/journey/router.rb:33:in `each'
actionpack (5.1.1) lib/action_dispatch/journey/router.rb:33:in `serve'
actionpack (5.1.1) lib/action_dispatch/routing/route_set.rb:832:in `call'
rack (2.0.3) lib/rack/etag.rb:25:in `call'
rack (2.0.3) lib/rack/conditional_get.rb:25:in `call'
rack (2.0.3) lib/rack/head.rb:12:in `call'
rack (2.0.3) lib/rack/session/abstract/id.rb:232:in `context'
rack (2.0.3) lib/rack/session/abstract/id.rb:226:in `call'
actionpack (5.1.1) lib/action_dispatch/middleware/cookies.rb:613:in `call'
activerecord (5.1.1) lib/active_record/migration.rb:556:in `call'
actionpack (5.1.1) lib/action_dispatch/middleware/callbacks.rb:26:in `block in call'
activesupport (5.1.1) lib/active_support/callbacks.rb:97:in `run_callbacks'
actionpack (5.1.1) lib/action_dispatch/middleware/callbacks.rb:24:in `call'
actionpack (5.1.1) lib/action_dispatch/middleware/executor.rb:12:in `call'
actionpack (5.1.1) lib/action_dispatch/middleware/debug_exceptions.rb:59:in `call'
web-console (3.5.1) lib/web_console/middleware.rb:135:in `call_app'
web-console (3.5.1) lib/web_console/middleware.rb:28:in `block in call'
web-console (3.5.1) lib/web_console/middleware.rb:18:in `catch'
web-console (3.5.1) lib/web_console/middleware.rb:18:in `call'
actionpack (5.1.1) lib/action_dispatch/middleware/show_exceptions.rb:31:in `call'
railties (5.1.1) lib/rails/rack/logger.rb:36:in `call_app'
railties (5.1.1) lib/rails/rack/logger.rb:24:in `block in call'
activesupport (5.1.1) lib/active_support/tagged_logging.rb:69:in `block in tagged'
activesupport (5.1.1) lib/active_support/tagged_logging.rb:26:in `tagged'
activesupport (5.1.1) lib/active_support/tagged_logging.rb:69:in `tagged'
railties (5.1.1) lib/rails/rack/logger.rb:24:in `call'
sprockets-rails (3.2.0) lib/sprockets/rails/quiet_assets.rb:13:in `call'
actionpack (5.1.1) lib/action_dispatch/middleware/remote_ip.rb:79:in `call'
actionpack (5.1.1) lib/action_dispatch/middleware/request_id.rb:25:in `call'
rack (2.0.3) lib/rack/method_override.rb:22:in `call'
rack (2.0.3) lib/rack/runtime.rb:22:in `call'
activesupport (5.1.1) lib/active_support/cache/strategy/local_cache_middleware.rb:27:in `call'
actionpack (5.1.1) lib/action_dispatch/middleware/executor.rb:12:in `call'
actionpack (5.1.1) lib/action_dispatch/middleware/static.rb:125:in `call'
rack (2.0.3) lib/rack/sendfile.rb:111:in `call'
railties (5.1.1) lib/rails/engine.rb:522:in `call'
puma (3.9.1) lib/puma/configuration.rb:224:in `call'
puma (3.9.1) lib/puma/server.rb:602:in `handle_request'
puma (3.9.1) lib/puma/server.rb:435:in `process_client'
puma (3.9.1) lib/puma/server.rb:299:in `block in run'
puma (3.9.1) lib/puma/thread_pool.rb:120:in `block in spawn_thread'
Started GET "/articles/new" for 127.0.0.1 at 2017-06-06 15:01:49 -0700
  
AbstractController::ActionNotFound (The action 'new' could not be found for ArticlesController):
  
actionpack (5.1.1) lib/abstract_controller/base.rb:119:in `process'
actionview (5.1.1) lib/action_view/rendering.rb:30:in `process'
actionpack (5.1.1) lib/action_controller/metal.rb:189:in `dispatch'
actionpack (5.1.1) lib/action_controller/metal.rb:253:in `dispatch'
actionpack (5.1.1) lib/action_dispatch/routing/route_set.rb:49:in `dispatch'
actionpack (5.1.1) lib/action_dispatch/routing/route_set.rb:31:in `serve'
actionpack (5.1.1) lib/action_dispatch/journey/router.rb:46:in `block in serve'
actionpack (5.1.1) lib/action_dispatch/journey/router.rb:33:in `each'
actionpack (5.1.1) lib/action_dispatch/journey/router.rb:33:in `serve'
actionpack (5.1.1) lib/action_dispatch/routing/route_set.rb:832:in `call'
rack (2.0.3) lib/rack/etag.rb:25:in `call'
rack (2.0.3) lib/rack/conditional_get.rb:25:in `call'
rack (2.0.3) lib/rack/head.rb:12:in `call'
rack (2.0.3) lib/rack/session/abstract/id.rb:232:in `context'
rack (2.0.3) lib/rack/session/abstract/id.rb:226:in `call'
actionpack (5.1.1) lib/action_dispatch/middleware/cookies.rb:613:in `call'
activerecord (5.1.1) lib/active_record/migration.rb:556:in `call'
actionpack (5.1.1) lib/action_dispatch/middleware/callbacks.rb:26:in `block in call'
activesupport (5.1.1) lib/active_support/callbacks.rb:97:in `run_callbacks'
actionpack (5.1.1) lib/action_dispatch/middleware/callbacks.rb:24:in `call'
actionpack (5.1.1) lib/action_dispatch/middleware/executor.rb:12:in `call'
actionpack (5.1.1) lib/action_dispatch/middleware/debug_exceptions.rb:59:in `call'
web-console (3.5.1) lib/web_console/middleware.rb:135:in `call_app'
web-console (3.5.1) lib/web_console/middleware.rb:28:in `block in call'
web-console (3.5.1) lib/web_console/middleware.rb:18:in `catch'
web-console (3.5.1) lib/web_console/middleware.rb:18:in `call'
actionpack (5.1.1) lib/action_dispatch/middleware/show_exceptions.rb:31:in `call'
railties (5.1.1) lib/rails/rack/logger.rb:36:in `call_app'
railties (5.1.1) lib/rails/rack/logger.rb:24:in `block in call'
activesupport (5.1.1) lib/active_support/tagged_logging.rb:69:in `block in tagged'
activesupport (5.1.1) lib/active_support/tagged_logging.rb:26:in `tagged'
activesupport (5.1.1) lib/active_support/tagged_logging.rb:69:in `tagged'
railties (5.1.1) lib/rails/rack/logger.rb:24:in `call'
sprockets-rails (3.2.0) lib/sprockets/rails/quiet_assets.rb:13:in `call'
actionpack (5.1.1) lib/action_dispatch/middleware/remote_ip.rb:79:in `call'
actionpack (5.1.1) lib/action_dispatch/middleware/request_id.rb:25:in `call'
rack (2.0.3) lib/rack/method_override.rb:22:in `call'
rack (2.0.3) lib/rack/runtime.rb:22:in `call'
activesupport (5.1.1) lib/active_support/cache/strategy/local_cache_middleware.rb:27:in `call'
actionpack (5.1.1) lib/action_dispatch/middleware/executor.rb:12:in `call'
actionpack (5.1.1) lib/action_dispatch/middleware/static.rb:125:in `call'
rack (2.0.3) lib/rack/sendfile.rb:111:in `call'
railties (5.1.1) lib/rails/engine.rb:522:in `call'
puma (3.9.1) lib/puma/configuration.rb:224:in `call'
puma (3.9.1) lib/puma/server.rb:602:in `handle_request'
puma (3.9.1) lib/puma/server.rb:435:in `process_client'
puma (3.9.1) lib/puma/server.rb:299:in `block in run'
puma (3.9.1) lib/puma/thread_pool.rb:120:in `block in spawn_thread'
Started GET "/articles/new" for 127.0.0.1 at 2017-06-06 15:04:00 -0700
Processing by ArticlesController#new as HTML
  Rendering articles/new.html.erb within layouts/application
  Rendered articles/new.html.erb within layouts/application (0.8ms)
Completed 200 OK in 310ms (Views: 167.0ms)


Started GET "/articles/new" for 127.0.0.1 at 2017-06-06 15:04:31 -0700
Processing by ArticlesController#new as HTML
  Rendering articles/new.html.erb within layouts/application
  Rendered articles/new.html.erb within layouts/application (24.7ms)
Completed 200 OK in 284ms (Views: 186.4ms)


Started POST "/articles/new" for 127.0.0.1 at 2017-06-06 15:05:19 -0700
  
ActionController::RoutingError (No route matches [POST] "/articles/new"):
  
actionpack (5.1.1) lib/action_dispatch/middleware/debug_exceptions.rb:63:in `call'
web-console (3.5.1) lib/web_console/middleware.rb:135:in `call_app'
web-console (3.5.1) lib/web_console/middleware.rb:28:in `block in call'
web-console (3.5.1) lib/web_console/middleware.rb:18:in `catch'
web-console (3.5.1) lib/web_console/middleware.rb:18:in `call'
actionpack (5.1.1) lib/action_dispatch/middleware/show_exceptions.rb:31:in `call'
railties (5.1.1) lib/rails/rack/logger.rb:36:in `call_app'
railties (5.1.1) lib/rails/rack/logger.rb:24:in `block in call'
activesupport (5.1.1) lib/active_support/tagged_logging.rb:69:in `block in tagged'
activesupport (5.1.1) lib/active_support/tagged_logging.rb:26:in `tagged'
activesupport (5.1.1) lib/active_support/tagged_logging.rb:69:in `tagged'
railties (5.1.1) lib/rails/rack/logger.rb:24:in `call'
sprockets-rails (3.2.0) lib/sprockets/rails/quiet_assets.rb:13:in `call'
actionpack (5.1.1) lib/action_dispatch/middleware/remote_ip.rb:79:in `call'
actionpack (5.1.1) lib/action_dispatch/middleware/request_id.rb:25:in `call'
rack (2.0.3) lib/rack/method_override.rb:22:in `call'
rack (2.0.3) lib/rack/runtime.rb:22:in `call'
activesupport (5.1.1) lib/active_support/cache/strategy/local_cache_middleware.rb:27:in `call'
actionpack (5.1.1) lib/action_dispatch/middleware/executor.rb:12:in `call'
actionpack (5.1.1) lib/action_dispatch/middleware/static.rb:125:in `call'
rack (2.0.3) lib/rack/sendfile.rb:111:in `call'
railties (5.1.1) lib/rails/engine.rb:522:in `call'
puma (3.9.1) lib/puma/configuration.rb:224:in `call'
puma (3.9.1) lib/puma/server.rb:602:in `handle_request'
puma (3.9.1) lib/puma/server.rb:435:in `process_client'
puma (3.9.1) lib/puma/server.rb:299:in `block in run'
puma (3.9.1) lib/puma/thread_pool.rb:120:in `block in spawn_thread'
Started GET "/articles/new" for 127.0.0.1 at 2017-06-06 15:05:25 -0700
Processing by ArticlesController#new as HTML
  Rendering articles/new.html.erb within layouts/application
  Rendered articles/new.html.erb within layouts/application (1.6ms)
Completed 200 OK in 19ms (Views: 17.6ms)


Started GET "/articles/new" for 127.0.0.1 at 2017-06-06 15:08:01 -0700
Processing by ArticlesController#new as HTML
  Rendering articles/new.html.erb within layouts/application
  Rendered articles/new.html.erb within layouts/application (9.8ms)
Completed 200 OK in 307ms (Views: 170.5ms)


Started GET "/articles/new" for 127.0.0.1 at 2017-06-06 15:08:04 -0700
Processing by ArticlesController#new as HTML
  Rendering articles/new.html.erb within layouts/application
  Rendered articles/new.html.erb within layouts/application (1.2ms)
Completed 200 OK in 17ms (Views: 15.2ms)


Started GET "/articles" for 127.0.0.1 at 2017-06-06 15:08:53 -0700
  
AbstractController::ActionNotFound (The action 'index' could not be found for ArticlesController):
  
actionpack (5.1.1) lib/abstract_controller/base.rb:119:in `process'
actionview (5.1.1) lib/action_view/rendering.rb:30:in `process'
actionpack (5.1.1) lib/action_controller/metal.rb:189:in `dispatch'
actionpack (5.1.1) lib/action_controller/metal.rb:253:in `dispatch'
actionpack (5.1.1) lib/action_dispatch/routing/route_set.rb:49:in `dispatch'
actionpack (5.1.1) lib/action_dispatch/routing/route_set.rb:31:in `serve'
actionpack (5.1.1) lib/action_dispatch/journey/router.rb:46:in `block in serve'
actionpack (5.1.1) lib/action_dispatch/journey/router.rb:33:in `each'
actionpack (5.1.1) lib/action_dispatch/journey/router.rb:33:in `serve'
actionpack (5.1.1) lib/action_dispatch/routing/route_set.rb:832:in `call'
rack (2.0.3) lib/rack/etag.rb:25:in `call'
rack (2.0.3) lib/rack/conditional_get.rb:25:in `call'
rack (2.0.3) lib/rack/head.rb:12:in `call'
rack (2.0.3) lib/rack/session/abstract/id.rb:232:in `context'
rack (2.0.3) lib/rack/session/abstract/id.rb:226:in `call'
actionpack (5.1.1) lib/action_dispatch/middleware/cookies.rb:613:in `call'
activerecord (5.1.1) lib/active_record/migration.rb:556:in `call'
actionpack (5.1.1) lib/action_dispatch/middleware/callbacks.rb:26:in `block in call'
activesupport (5.1.1) lib/active_support/callbacks.rb:97:in `run_callbacks'
actionpack (5.1.1) lib/action_dispatch/middleware/callbacks.rb:24:in `call'
actionpack (5.1.1) lib/action_dispatch/middleware/executor.rb:12:in `call'
actionpack (5.1.1) lib/action_dispatch/middleware/debug_exceptions.rb:59:in `call'
web-console (3.5.1) lib/web_console/middleware.rb:135:in `call_app'
web-console (3.5.1) lib/web_console/middleware.rb:28:in `block in call'
web-console (3.5.1) lib/web_console/middleware.rb:18:in `catch'
web-console (3.5.1) lib/web_console/middleware.rb:18:in `call'
actionpack (5.1.1) lib/action_dispatch/middleware/show_exceptions.rb:31:in `call'
railties (5.1.1) lib/rails/rack/logger.rb:36:in `call_app'
railties (5.1.1) lib/rails/rack/logger.rb:24:in `block in call'
activesupport (5.1.1) lib/active_support/tagged_logging.rb:69:in `block in tagged'
activesupport (5.1.1) lib/active_support/tagged_logging.rb:26:in `tagged'
activesupport (5.1.1) lib/active_support/tagged_logging.rb:69:in `tagged'
railties (5.1.1) lib/rails/rack/logger.rb:24:in `call'
sprockets-rails (3.2.0) lib/sprockets/rails/quiet_assets.rb:13:in `call'
actionpack (5.1.1) lib/action_dispatch/middleware/remote_ip.rb:79:in `call'
actionpack (5.1.1) lib/action_dispatch/middleware/request_id.rb:25:in `call'
rack (2.0.3) lib/rack/method_override.rb:22:in `call'
rack (2.0.3) lib/rack/runtime.rb:22:in `call'
activesupport (5.1.1) lib/active_support/cache/strategy/local_cache_middleware.rb:27:in `call'
actionpack (5.1.1) lib/action_dispatch/middleware/executor.rb:12:in `call'
actionpack (5.1.1) lib/action_dispatch/middleware/static.rb:125:in `call'
rack (2.0.3) lib/rack/sendfile.rb:111:in `call'
railties (5.1.1) lib/rails/engine.rb:522:in `call'
puma (3.9.1) lib/puma/configuration.rb:224:in `call'
puma (3.9.1) lib/puma/server.rb:602:in `handle_request'
puma (3.9.1) lib/puma/server.rb:435:in `process_client'
puma (3.9.1) lib/puma/server.rb:299:in `block in run'
puma (3.9.1) lib/puma/thread_pool.rb:120:in `block in spawn_thread'
Started GET "/articles" for 127.0.0.1 at 2017-06-06 15:08:55 -0700
  
AbstractController::ActionNotFound (The action 'index' could not be found for ArticlesController):
  
actionpack (5.1.1) lib/abstract_controller/base.rb:119:in `process'
actionview (5.1.1) lib/action_view/rendering.rb:30:in `process'
actionpack (5.1.1) lib/action_controller/metal.rb:189:in `dispatch'
actionpack (5.1.1) lib/action_controller/metal.rb:253:in `dispatch'
actionpack (5.1.1) lib/action_dispatch/routing/route_set.rb:49:in `dispatch'
actionpack (5.1.1) lib/action_dispatch/routing/route_set.rb:31:in `serve'
actionpack (5.1.1) lib/action_dispatch/journey/router.rb:46:in `block in serve'
actionpack (5.1.1) lib/action_dispatch/journey/router.rb:33:in `each'
actionpack (5.1.1) lib/action_dispatch/journey/router.rb:33:in `serve'
actionpack (5.1.1) lib/action_dispatch/routing/route_set.rb:832:in `call'
rack (2.0.3) lib/rack/etag.rb:25:in `call'
rack (2.0.3) lib/rack/conditional_get.rb:25:in `call'
rack (2.0.3) lib/rack/head.rb:12:in `call'
rack (2.0.3) lib/rack/session/abstract/id.rb:232:in `context'
rack (2.0.3) lib/rack/session/abstract/id.rb:226:in `call'
actionpack (5.1.1) lib/action_dispatch/middleware/cookies.rb:613:in `call'
activerecord (5.1.1) lib/active_record/migration.rb:556:in `call'
actionpack (5.1.1) lib/action_dispatch/middleware/callbacks.rb:26:in `block in call'
activesupport (5.1.1) lib/active_support/callbacks.rb:97:in `run_callbacks'
actionpack (5.1.1) lib/action_dispatch/middleware/callbacks.rb:24:in `call'
actionpack (5.1.1) lib/action_dispatch/middleware/executor.rb:12:in `call'
actionpack (5.1.1) lib/action_dispatch/middleware/debug_exceptions.rb:59:in `call'
web-console (3.5.1) lib/web_console/middleware.rb:135:in `call_app'
web-console (3.5.1) lib/web_console/middleware.rb:28:in `block in call'
web-console (3.5.1) lib/web_console/middleware.rb:18:in `catch'
web-console (3.5.1) lib/web_console/middleware.rb:18:in `call'
actionpack (5.1.1) lib/action_dispatch/middleware/show_exceptions.rb:31:in `call'
railties (5.1.1) lib/rails/rack/logger.rb:36:in `call_app'
railties (5.1.1) lib/rails/rack/logger.rb:24:in `block in call'
activesupport (5.1.1) lib/active_support/tagged_logging.rb:69:in `block in tagged'
activesupport (5.1.1) lib/active_support/tagged_logging.rb:26:in `tagged'
activesupport (5.1.1) lib/active_support/tagged_logging.rb:69:in `tagged'
railties (5.1.1) lib/rails/rack/logger.rb:24:in `call'
sprockets-rails (3.2.0) lib/sprockets/rails/quiet_assets.rb:13:in `call'
actionpack (5.1.1) lib/action_dispatch/middleware/remote_ip.rb:79:in `call'
actionpack (5.1.1) lib/action_dispatch/middleware/request_id.rb:25:in `call'
rack (2.0.3) lib/rack/method_override.rb:22:in `call'
rack (2.0.3) lib/rack/runtime.rb:22:in `call'
activesupport (5.1.1) lib/active_support/cache/strategy/local_cache_middleware.rb:27:in `call'
actionpack (5.1.1) lib/action_dispatch/middleware/executor.rb:12:in `call'
actionpack (5.1.1) lib/action_dispatch/middleware/static.rb:125:in `call'
rack (2.0.3) lib/rack/sendfile.rb:111:in `call'
railties (5.1.1) lib/rails/engine.rb:522:in `call'
puma (3.9.1) lib/puma/configuration.rb:224:in `call'
puma (3.9.1) lib/puma/server.rb:602:in `handle_request'
puma (3.9.1) lib/puma/server.rb:435:in `process_client'
puma (3.9.1) lib/puma/server.rb:299:in `block in run'
puma (3.9.1) lib/puma/thread_pool.rb:120:in `block in spawn_thread'
Started POST "/articles" for 127.0.0.1 at 2017-06-06 15:08:59 -0700
  
AbstractController::ActionNotFound (The action 'create' could not be found for ArticlesController):
  
actionpack (5.1.1) lib/abstract_controller/base.rb:119:in `process'
actionview (5.1.1) lib/action_view/rendering.rb:30:in `process'
actionpack (5.1.1) lib/action_controller/metal.rb:189:in `dispatch'
actionpack (5.1.1) lib/action_controller/metal.rb:253:in `dispatch'
actionpack (5.1.1) lib/action_dispatch/routing/route_set.rb:49:in `dispatch'
actionpack (5.1.1) lib/action_dispatch/routing/route_set.rb:31:in `serve'
actionpack (5.1.1) lib/action_dispatch/journey/router.rb:46:in `block in serve'
actionpack (5.1.1) lib/action_dispatch/journey/router.rb:33:in `each'
actionpack (5.1.1) lib/action_dispatch/journey/router.rb:33:in `serve'
actionpack (5.1.1) lib/action_dispatch/routing/route_set.rb:832:in `call'
rack (2.0.3) lib/rack/etag.rb:25:in `call'
rack (2.0.3) lib/rack/conditional_get.rb:38:in `call'
rack (2.0.3) lib/rack/head.rb:12:in `call'
rack (2.0.3) lib/rack/session/abstract/id.rb:232:in `context'
rack (2.0.3) lib/rack/session/abstract/id.rb:226:in `call'
actionpack (5.1.1) lib/action_dispatch/middleware/cookies.rb:613:in `call'
activerecord (5.1.1) lib/active_record/migration.rb:556:in `call'
actionpack (5.1.1) lib/action_dispatch/middleware/callbacks.rb:26:in `block in call'
activesupport (5.1.1) lib/active_support/callbacks.rb:97:in `run_callbacks'
actionpack (5.1.1) lib/action_dispatch/middleware/callbacks.rb:24:in `call'
actionpack (5.1.1) lib/action_dispatch/middleware/executor.rb:12:in `call'
actionpack (5.1.1) lib/action_dispatch/middleware/debug_exceptions.rb:59:in `call'
web-console (3.5.1) lib/web_console/middleware.rb:135:in `call_app'
web-console (3.5.1) lib/web_console/middleware.rb:28:in `block in call'
web-console (3.5.1) lib/web_console/middleware.rb:18:in `catch'
web-console (3.5.1) lib/web_console/middleware.rb:18:in `call'
actionpack (5.1.1) lib/action_dispatch/middleware/show_exceptions.rb:31:in `call'
railties (5.1.1) lib/rails/rack/logger.rb:36:in `call_app'
railties (5.1.1) lib/rails/rack/logger.rb:24:in `block in call'
activesupport (5.1.1) lib/active_support/tagged_logging.rb:69:in `block in tagged'
activesupport (5.1.1) lib/active_support/tagged_logging.rb:26:in `tagged'
activesupport (5.1.1) lib/active_support/tagged_logging.rb:69:in `tagged'
railties (5.1.1) lib/rails/rack/logger.rb:24:in `call'
sprockets-rails (3.2.0) lib/sprockets/rails/quiet_assets.rb:13:in `call'
actionpack (5.1.1) lib/action_dispatch/middleware/remote_ip.rb:79:in `call'
actionpack (5.1.1) lib/action_dispatch/middleware/request_id.rb:25:in `call'
rack (2.0.3) lib/rack/method_override.rb:22:in `call'
rack (2.0.3) lib/rack/runtime.rb:22:in `call'
activesupport (5.1.1) lib/active_support/cache/strategy/local_cache_middleware.rb:27:in `call'
actionpack (5.1.1) lib/action_dispatch/middleware/executor.rb:12:in `call'
actionpack (5.1.1) lib/action_dispatch/middleware/static.rb:125:in `call'
rack (2.0.3) lib/rack/sendfile.rb:111:in `call'
railties (5.1.1) lib/rails/engine.rb:522:in `call'
puma (3.9.1) lib/puma/configuration.rb:224:in `call'
puma (3.9.1) lib/puma/server.rb:602:in `handle_request'
puma (3.9.1) lib/puma/server.rb:435:in `process_client'
puma (3.9.1) lib/puma/server.rb:299:in `block in run'
puma (3.9.1) lib/puma/thread_pool.rb:120:in `block in spawn_thread'
Started GET "/articles/new" for 127.0.0.1 at 2017-06-06 15:11:44 -0700
Processing by ArticlesController#new as HTML
  Rendering articles/new.html.erb within layouts/application
  Rendered articles/new.html.erb within layouts/application (9.6ms)
Completed 200 OK in 315ms (Views: 178.5ms)


Started GET "/articles/new" for 127.0.0.1 at 2017-06-06 15:11:46 -0700
Processing by ArticlesController#new as HTML
  Rendering articles/new.html.erb within layouts/application
  Rendered articles/new.html.erb within layouts/application (1.2ms)
Completed 200 OK in 17ms (Views: 15.1ms)


Started POST "/articles" for 127.0.0.1 at 2017-06-06 15:11:49 -0700
  
AbstractController::ActionNotFound (The action 'create' could not be found for ArticlesController):
  
actionpack (5.1.1) lib/abstract_controller/base.rb:119:in `process'
actionview (5.1.1) lib/action_view/rendering.rb:30:in `process'
actionpack (5.1.1) lib/action_controller/metal.rb:189:in `dispatch'
actionpack (5.1.1) lib/action_controller/metal.rb:253:in `dispatch'
actionpack (5.1.1) lib/action_dispatch/routing/route_set.rb:49:in `dispatch'
actionpack (5.1.1) lib/action_dispatch/routing/route_set.rb:31:in `serve'
actionpack (5.1.1) lib/action_dispatch/journey/router.rb:46:in `block in serve'
actionpack (5.1.1) lib/action_dispatch/journey/router.rb:33:in `each'
actionpack (5.1.1) lib/action_dispatch/journey/router.rb:33:in `serve'
actionpack (5.1.1) lib/action_dispatch/routing/route_set.rb:832:in `call'
rack (2.0.3) lib/rack/etag.rb:25:in `call'
rack (2.0.3) lib/rack/conditional_get.rb:38:in `call'
rack (2.0.3) lib/rack/head.rb:12:in `call'
rack (2.0.3) lib/rack/session/abstract/id.rb:232:in `context'
rack (2.0.3) lib/rack/session/abstract/id.rb:226:in `call'
actionpack (5.1.1) lib/action_dispatch/middleware/cookies.rb:613:in `call'
activerecord (5.1.1) lib/active_record/migration.rb:556:in `call'
actionpack (5.1.1) lib/action_dispatch/middleware/callbacks.rb:26:in `block in call'
activesupport (5.1.1) lib/active_support/callbacks.rb:97:in `run_callbacks'
actionpack (5.1.1) lib/action_dispatch/middleware/callbacks.rb:24:in `call'
actionpack (5.1.1) lib/action_dispatch/middleware/executor.rb:12:in `call'
actionpack (5.1.1) lib/action_dispatch/middleware/debug_exceptions.rb:59:in `call'
web-console (3.5.1) lib/web_console/middleware.rb:135:in `call_app'
web-console (3.5.1) lib/web_console/middleware.rb:28:in `block in call'
web-console (3.5.1) lib/web_console/middleware.rb:18:in `catch'
web-console (3.5.1) lib/web_console/middleware.rb:18:in `call'
actionpack (5.1.1) lib/action_dispatch/middleware/show_exceptions.rb:31:in `call'
railties (5.1.1) lib/rails/rack/logger.rb:36:in `call_app'
railties (5.1.1) lib/rails/rack/logger.rb:24:in `block in call'
activesupport (5.1.1) lib/active_support/tagged_logging.rb:69:in `block in tagged'
activesupport (5.1.1) lib/active_support/tagged_logging.rb:26:in `tagged'
activesupport (5.1.1) lib/active_support/tagged_logging.rb:69:in `tagged'
railties (5.1.1) lib/rails/rack/logger.rb:24:in `call'
sprockets-rails (3.2.0) lib/sprockets/rails/quiet_assets.rb:13:in `call'
actionpack (5.1.1) lib/action_dispatch/middleware/remote_ip.rb:79:in `call'
actionpack (5.1.1) lib/action_dispatch/middleware/request_id.rb:25:in `call'
rack (2.0.3) lib/rack/method_override.rb:22:in `call'
rack (2.0.3) lib/rack/runtime.rb:22:in `call'
activesupport (5.1.1) lib/active_support/cache/strategy/local_cache_middleware.rb:27:in `call'
actionpack (5.1.1) lib/action_dispatch/middleware/executor.rb:12:in `call'
actionpack (5.1.1) lib/action_dispatch/middleware/static.rb:125:in `call'
rack (2.0.3) lib/rack/sendfile.rb:111:in `call'
railties (5.1.1) lib/rails/engine.rb:522:in `call'
puma (3.9.1) lib/puma/configuration.rb:224:in `call'
puma (3.9.1) lib/puma/server.rb:602:in `handle_request'
puma (3.9.1) lib/puma/server.rb:435:in `process_client'
puma (3.9.1) lib/puma/server.rb:299:in `block in run'
puma (3.9.1) lib/puma/thread_pool.rb:120:in `block in spawn_thread'
Started GET "/articles" for 127.0.0.1 at 2017-06-06 15:13:26 -0700
  
AbstractController::ActionNotFound (The action 'index' could not be found for ArticlesController):
  
actionpack (5.1.1) lib/abstract_controller/base.rb:119:in `process'
actionview (5.1.1) lib/action_view/rendering.rb:30:in `process'
actionpack (5.1.1) lib/action_controller/metal.rb:189:in `dispatch'
actionpack (5.1.1) lib/action_controller/metal.rb:253:in `dispatch'
actionpack (5.1.1) lib/action_dispatch/routing/route_set.rb:49:in `dispatch'
actionpack (5.1.1) lib/action_dispatch/routing/route_set.rb:31:in `serve'
actionpack (5.1.1) lib/action_dispatch/journey/router.rb:46:in `block in serve'
actionpack (5.1.1) lib/action_dispatch/journey/router.rb:33:in `each'
actionpack (5.1.1) lib/action_dispatch/journey/router.rb:33:in `serve'
actionpack (5.1.1) lib/action_dispatch/routing/route_set.rb:832:in `call'
rack (2.0.3) lib/rack/etag.rb:25:in `call'
rack (2.0.3) lib/rack/conditional_get.rb:25:in `call'
rack (2.0.3) lib/rack/head.rb:12:in `call'
rack (2.0.3) lib/rack/session/abstract/id.rb:232:in `context'
rack (2.0.3) lib/rack/session/abstract/id.rb:226:in `call'
actionpack (5.1.1) lib/action_dispatch/middleware/cookies.rb:613:in `call'
activerecord (5.1.1) lib/active_record/migration.rb:556:in `call'
actionpack (5.1.1) lib/action_dispatch/middleware/callbacks.rb:26:in `block in call'
activesupport (5.1.1) lib/active_support/callbacks.rb:97:in `run_callbacks'
actionpack (5.1.1) lib/action_dispatch/middleware/callbacks.rb:24:in `call'
actionpack (5.1.1) lib/action_dispatch/middleware/executor.rb:12:in `call'
actionpack (5.1.1) lib/action_dispatch/middleware/debug_exceptions.rb:59:in `call'
web-console (3.5.1) lib/web_console/middleware.rb:135:in `call_app'
web-console (3.5.1) lib/web_console/middleware.rb:28:in `block in call'
web-console (3.5.1) lib/web_console/middleware.rb:18:in `catch'
web-console (3.5.1) lib/web_console/middleware.rb:18:in `call'
actionpack (5.1.1) lib/action_dispatch/middleware/show_exceptions.rb:31:in `call'
railties (5.1.1) lib/rails/rack/logger.rb:36:in `call_app'
railties (5.1.1) lib/rails/rack/logger.rb:24:in `block in call'
activesupport (5.1.1) lib/active_support/tagged_logging.rb:69:in `block in tagged'
activesupport (5.1.1) lib/active_support/tagged_logging.rb:26:in `tagged'
activesupport (5.1.1) lib/active_support/tagged_logging.rb:69:in `tagged'
railties (5.1.1) lib/rails/rack/logger.rb:24:in `call'
sprockets-rails (3.2.0) lib/sprockets/rails/quiet_assets.rb:13:in `call'
actionpack (5.1.1) lib/action_dispatch/middleware/remote_ip.rb:79:in `call'
actionpack (5.1.1) lib/action_dispatch/middleware/request_id.rb:25:in `call'
rack (2.0.3) lib/rack/method_override.rb:22:in `call'
rack (2.0.3) lib/rack/runtime.rb:22:in `call'
activesupport (5.1.1) lib/active_support/cache/strategy/local_cache_middleware.rb:27:in `call'
actionpack (5.1.1) lib/action_dispatch/middleware/executor.rb:12:in `call'
actionpack (5.1.1) lib/action_dispatch/middleware/static.rb:125:in `call'
rack (2.0.3) lib/rack/sendfile.rb:111:in `call'
railties (5.1.1) lib/rails/engine.rb:522:in `call'
puma (3.9.1) lib/puma/configuration.rb:224:in `call'
puma (3.9.1) lib/puma/server.rb:602:in `handle_request'
puma (3.9.1) lib/puma/server.rb:435:in `process_client'
puma (3.9.1) lib/puma/server.rb:299:in `block in run'
puma (3.9.1) lib/puma/thread_pool.rb:120:in `block in spawn_thread'
Started GET "/" for 127.0.0.1 at 2017-06-06 15:13:56 -0700
Processing by WelcomeController#index as HTML
  Rendering welcome/index.html.erb within layouts/application
  Rendered welcome/index.html.erb within layouts/application (0.7ms)
Completed 200 OK in 293ms (Views: 185.0ms)


Started GET "/articles/new" for 127.0.0.1 at 2017-06-06 15:14:44 -0700
Processing by ArticlesController#new as HTML
  Rendering articles/new.html.erb within layouts/application
  Rendered articles/new.html.erb within layouts/application (8.9ms)
Completed 200 OK in 25ms (Views: 23.0ms)


Started GET "/articles/new" for 127.0.0.1 at 2017-06-06 15:15:07 -0700
Processing by ArticlesController#new as HTML
  Rendering articles/new.html.erb within layouts/application
  Rendered articles/new.html.erb within layouts/application (1.2ms)
Completed 200 OK in 19ms (Views: 17.6ms)


Started POST "/articles" for 127.0.0.1 at 2017-06-06 15:15:10 -0700
Processing by ArticlesController#create as HTML
  Parameters: {"utf8"=>"✓", "authenticity_token"=>"f5H5MBUp4vT87vBiHANFuyJjlMg1GliXYJ3GR1r01tZt6r5UpMc957vcQBiECxNC9UOZgrHEdcYDHBgPM95Msw==", "article"=>{"title"=>"ee", "text"=>"ee"}, "commit"=>"Save Article"}
No template found for ArticlesController#create, rendering head :no_content
Completed 204 No Content in 50ms


Started GET "/articles/new" for 127.0.0.1 at 2017-06-06 15:16:03 -0700
Processing by ArticlesController#new as HTML
  Rendering articles/new.html.erb within layouts/application
  Rendered articles/new.html.erb within layouts/application (8.8ms)
Completed 200 OK in 293ms (Views: 188.4ms)


Started POST "/articles" for 127.0.0.1 at 2017-06-06 15:16:06 -0700
Processing by ArticlesController#create as HTML
  Parameters: {"utf8"=>"✓", "authenticity_token"=>"22fW5xT5t9X2gZfX4Fi7GM8JGQkzxAh7FmlIHvzuQnnJHJGDpRdoxrGzJ614UO3hGCkUQ7caJSp16JZWlcTYHA==", "article"=>{"title"=>"ee", "text"=>"eeee"}, "commit"=>"Save Article"}
No template found for ArticlesController#create, rendering head :no_content
Completed 204 No Content in 50ms


Started GET "/articles/new" for 127.0.0.1 at 2017-06-06 15:17:06 -0700
Processing by ArticlesController#new as HTML
  Rendering articles/new.html.erb within layouts/application
  Rendered articles/new.html.erb within layouts/application (9.7ms)
Completed 200 OK in 303ms (Views: 167.4ms)


Started POST "/articles" for 127.0.0.1 at 2017-06-06 15:17:12 -0700
Processing by ArticlesController#create as HTML
  Parameters: {"utf8"=>"✓", "authenticity_token"=>"CQsNl2s9rUSjl4ZVyUwht4UMBkq80VLVP06XtiM6dTEbcErz2tNyV+SlNi9RRHdOUiwLADgPf4Rcz0n+ShDvVA==", "article"=>{"title"=>"e", "text"=>"eee"}, "commit"=>"Save Article"}
  Rendering text template
  Rendered text template (0.0ms)
Completed 200 OK in 2ms (Views: 1.6ms)


  [1m[35m (0.1ms)[0m  [1m[34mSELECT sqlite_version(*)[0m
  [1m[35m (1.8ms)[0m  [1m[35mCREATE TABLE "schema_migrations" ("version" varchar NOT NULL PRIMARY KEY)[0m
  [1m[35m (1.1ms)[0m  [1m[35mCREATE TABLE "ar_internal_metadata" ("key" varchar NOT NULL PRIMARY KEY, "value" varchar, "created_at" datetime NOT NULL, "updated_at" datetime NOT NULL)[0m
  [1m[35m (0.2ms)[0m  [1m[34mSELECT "schema_migrations"."version" FROM "schema_migrations" ORDER BY "schema_migrations"."version" ASC[0m
Migrating to CreateArticles (20170606221741)
  [1m[35m (0.1ms)[0m  [1m[36mbegin transaction[0m
  [1m[35m (0.5ms)[0m  [1m[35mCREATE TABLE "articles" ("id" INTEGER PRIMARY KEY AUTOINCREMENT NOT NULL, "title" varchar, "text" text, "created_at" datetime NOT NULL, "updated_at" datetime NOT NULL)[0m
  [1m[35mSQL (0.2ms)[0m  [1m[32mINSERT INTO "schema_migrations" ("version") VALUES (?)[0m  [["version", "20170606221741"]]
  [1m[35m (1.0ms)[0m  [1m[36mcommit transaction[0m
  [1m[36mActiveRecord::InternalMetadata Load (0.2ms)[0m  [1m[34mSELECT  "ar_internal_metadata".* FROM "ar_internal_metadata" WHERE "ar_internal_metadata"."key" = ? LIMIT ?[0m  [["key", "environment"], ["LIMIT", 1]]
  [1m[35m (0.0ms)[0m  [1m[36mbegin transaction[0m
  [1m[35mSQL (0.3ms)[0m  [1m[32mINSERT INTO "ar_internal_metadata" ("key", "value", "created_at", "updated_at") VALUES (?, ?, ?, ?)[0m  [["key", "environment"], ["value", "development"], ["created_at", "2017-06-06 22:19:15.952234"], ["updated_at", "2017-06-06 22:19:15.952234"]]
  [1m[35m (0.7ms)[0m  [1m[36mcommit transaction[0m
  [1m[35m (0.1ms)[0m  [1m[34mSELECT "schema_migrations"."version" FROM "schema_migrations" ORDER BY "schema_migrations"."version" ASC[0m
Started POST "/articles" for 127.0.0.1 at 2017-06-06 15:20:51 -0700
  [1m[35m (0.1ms)[0m  [1m[34mSELECT "schema_migrations"."version" FROM "schema_migrations" ORDER BY "schema_migrations"."version" ASC[0m
Processing by ArticlesController#create as HTML
  Parameters: {"utf8"=>"✓", "authenticity_token"=>"CQsNl2s9rUSjl4ZVyUwht4UMBkq80VLVP06XtiM6dTEbcErz2tNyV+SlNi9RRHdOUiwLADgPf4Rcz0n+ShDvVA==", "article"=>{"title"=>"e", "text"=>"eee"}, "commit"=>"Save Article"}
Completed 500 Internal Server Error in 14ms (ActiveRecord: 0.5ms)


  
ActiveModel::ForbiddenAttributesError (ActiveModel::ForbiddenAttributesError):
  
app/controllers/articles_controller.rb:7:in `create'
Started GET "/articles" for 127.0.0.1 at 2017-06-06 15:22:37 -0700
  [1m[35m (0.1ms)[0m  [1m[34mSELECT "schema_migrations"."version" FROM "schema_migrations" ORDER BY "schema_migrations"."version" ASC[0m
  
AbstractController::ActionNotFound (The action 'index' could not be found for ArticlesController):
  
actionpack (5.1.1) lib/abstract_controller/base.rb:119:in `process'
actionview (5.1.1) lib/action_view/rendering.rb:30:in `process'
actionpack (5.1.1) lib/action_controller/metal.rb:189:in `dispatch'
actionpack (5.1.1) lib/action_controller/metal.rb:253:in `dispatch'
actionpack (5.1.1) lib/action_dispatch/routing/route_set.rb:49:in `dispatch'
actionpack (5.1.1) lib/action_dispatch/routing/route_set.rb:31:in `serve'
actionpack (5.1.1) lib/action_dispatch/journey/router.rb:46:in `block in serve'
actionpack (5.1.1) lib/action_dispatch/journey/router.rb:33:in `each'
actionpack (5.1.1) lib/action_dispatch/journey/router.rb:33:in `serve'
actionpack (5.1.1) lib/action_dispatch/routing/route_set.rb:832:in `call'
rack (2.0.3) lib/rack/etag.rb:25:in `call'
rack (2.0.3) lib/rack/conditional_get.rb:25:in `call'
rack (2.0.3) lib/rack/head.rb:12:in `call'
rack (2.0.3) lib/rack/session/abstract/id.rb:232:in `context'
rack (2.0.3) lib/rack/session/abstract/id.rb:226:in `call'
actionpack (5.1.1) lib/action_dispatch/middleware/cookies.rb:613:in `call'
activerecord (5.1.1) lib/active_record/migration.rb:556:in `call'
actionpack (5.1.1) lib/action_dispatch/middleware/callbacks.rb:26:in `block in call'
activesupport (5.1.1) lib/active_support/callbacks.rb:97:in `run_callbacks'
actionpack (5.1.1) lib/action_dispatch/middleware/callbacks.rb:24:in `call'
actionpack (5.1.1) lib/action_dispatch/middleware/executor.rb:12:in `call'
actionpack (5.1.1) lib/action_dispatch/middleware/debug_exceptions.rb:59:in `call'
web-console (3.5.1) lib/web_console/middleware.rb:135:in `call_app'
web-console (3.5.1) lib/web_console/middleware.rb:28:in `block in call'
web-console (3.5.1) lib/web_console/middleware.rb:18:in `catch'
web-console (3.5.1) lib/web_console/middleware.rb:18:in `call'
actionpack (5.1.1) lib/action_dispatch/middleware/show_exceptions.rb:31:in `call'
railties (5.1.1) lib/rails/rack/logger.rb:36:in `call_app'
railties (5.1.1) lib/rails/rack/logger.rb:24:in `block in call'
activesupport (5.1.1) lib/active_support/tagged_logging.rb:69:in `block in tagged'
activesupport (5.1.1) lib/active_support/tagged_logging.rb:26:in `tagged'
activesupport (5.1.1) lib/active_support/tagged_logging.rb:69:in `tagged'
railties (5.1.1) lib/rails/rack/logger.rb:24:in `call'
sprockets-rails (3.2.0) lib/sprockets/rails/quiet_assets.rb:13:in `call'
actionpack (5.1.1) lib/action_dispatch/middleware/remote_ip.rb:79:in `call'
actionpack (5.1.1) lib/action_dispatch/middleware/request_id.rb:25:in `call'
rack (2.0.3) lib/rack/method_override.rb:22:in `call'
rack (2.0.3) lib/rack/runtime.rb:22:in `call'
activesupport (5.1.1) lib/active_support/cache/strategy/local_cache_middleware.rb:27:in `call'
actionpack (5.1.1) lib/action_dispatch/middleware/executor.rb:12:in `call'
actionpack (5.1.1) lib/action_dispatch/middleware/static.rb:125:in `call'
rack (2.0.3) lib/rack/sendfile.rb:111:in `call'
railties (5.1.1) lib/rails/engine.rb:522:in `call'
puma (3.9.1) lib/puma/configuration.rb:224:in `call'
puma (3.9.1) lib/puma/server.rb:602:in `handle_request'
puma (3.9.1) lib/puma/server.rb:435:in `process_client'
puma (3.9.1) lib/puma/server.rb:299:in `block in run'
puma (3.9.1) lib/puma/thread_pool.rb:120:in `block in spawn_thread'
Started POST "/articles" for 127.0.0.1 at 2017-06-06 15:22:41 -0700
Processing by ArticlesController#create as HTML
  Parameters: {"utf8"=>"✓", "authenticity_token"=>"CQsNl2s9rUSjl4ZVyUwht4UMBkq80VLVP06XtiM6dTEbcErz2tNyV+SlNi9RRHdOUiwLADgPf4Rcz0n+ShDvVA==", "article"=>{"title"=>"e", "text"=>"eee"}, "commit"=>"Save Article"}
Completed 500 Internal Server Error in 20ms (ActiveRecord: 0.7ms)


  
ActiveModel::ForbiddenAttributesError (ActiveModel::ForbiddenAttributesError):
  
app/controllers/articles_controller.rb:7:in `create'
Started GET "/articles" for 127.0.0.1 at 2017-06-06 15:23:06 -0700
  [1m[35m (0.2ms)[0m  [1m[34mSELECT "schema_migrations"."version" FROM "schema_migrations" ORDER BY "schema_migrations"."version" ASC[0m
  
AbstractController::ActionNotFound (The action 'index' could not be found for ArticlesController):
  
actionpack (5.1.1) lib/abstract_controller/base.rb:119:in `process'
actionview (5.1.1) lib/action_view/rendering.rb:30:in `process'
actionpack (5.1.1) lib/action_controller/metal.rb:189:in `dispatch'
actionpack (5.1.1) lib/action_controller/metal.rb:253:in `dispatch'
actionpack (5.1.1) lib/action_dispatch/routing/route_set.rb:49:in `dispatch'
actionpack (5.1.1) lib/action_dispatch/routing/route_set.rb:31:in `serve'
actionpack (5.1.1) lib/action_dispatch/journey/router.rb:46:in `block in serve'
actionpack (5.1.1) lib/action_dispatch/journey/router.rb:33:in `each'
actionpack (5.1.1) lib/action_dispatch/journey/router.rb:33:in `serve'
actionpack (5.1.1) lib/action_dispatch/routing/route_set.rb:832:in `call'
rack (2.0.3) lib/rack/etag.rb:25:in `call'
rack (2.0.3) lib/rack/conditional_get.rb:25:in `call'
rack (2.0.3) lib/rack/head.rb:12:in `call'
rack (2.0.3) lib/rack/session/abstract/id.rb:232:in `context'
rack (2.0.3) lib/rack/session/abstract/id.rb:226:in `call'
actionpack (5.1.1) lib/action_dispatch/middleware/cookies.rb:613:in `call'
activerecord (5.1.1) lib/active_record/migration.rb:556:in `call'
actionpack (5.1.1) lib/action_dispatch/middleware/callbacks.rb:26:in `block in call'
activesupport (5.1.1) lib/active_support/callbacks.rb:97:in `run_callbacks'
actionpack (5.1.1) lib/action_dispatch/middleware/callbacks.rb:24:in `call'
actionpack (5.1.1) lib/action_dispatch/middleware/executor.rb:12:in `call'
actionpack (5.1.1) lib/action_dispatch/middleware/debug_exceptions.rb:59:in `call'
web-console (3.5.1) lib/web_console/middleware.rb:135:in `call_app'
web-console (3.5.1) lib/web_console/middleware.rb:28:in `block in call'
web-console (3.5.1) lib/web_console/middleware.rb:18:in `catch'
web-console (3.5.1) lib/web_console/middleware.rb:18:in `call'
actionpack (5.1.1) lib/action_dispatch/middleware/show_exceptions.rb:31:in `call'
railties (5.1.1) lib/rails/rack/logger.rb:36:in `call_app'
railties (5.1.1) lib/rails/rack/logger.rb:24:in `block in call'
activesupport (5.1.1) lib/active_support/tagged_logging.rb:69:in `block in tagged'
activesupport (5.1.1) lib/active_support/tagged_logging.rb:26:in `tagged'
activesupport (5.1.1) lib/active_support/tagged_logging.rb:69:in `tagged'
railties (5.1.1) lib/rails/rack/logger.rb:24:in `call'
sprockets-rails (3.2.0) lib/sprockets/rails/quiet_assets.rb:13:in `call'
actionpack (5.1.1) lib/action_dispatch/middleware/remote_ip.rb:79:in `call'
actionpack (5.1.1) lib/action_dispatch/middleware/request_id.rb:25:in `call'
rack (2.0.3) lib/rack/method_override.rb:22:in `call'
rack (2.0.3) lib/rack/runtime.rb:22:in `call'
activesupport (5.1.1) lib/active_support/cache/strategy/local_cache_middleware.rb:27:in `call'
actionpack (5.1.1) lib/action_dispatch/middleware/executor.rb:12:in `call'
actionpack (5.1.1) lib/action_dispatch/middleware/static.rb:125:in `call'
rack (2.0.3) lib/rack/sendfile.rb:111:in `call'
railties (5.1.1) lib/rails/engine.rb:522:in `call'
puma (3.9.1) lib/puma/configuration.rb:224:in `call'
puma (3.9.1) lib/puma/server.rb:602:in `handle_request'
puma (3.9.1) lib/puma/server.rb:435:in `process_client'
puma (3.9.1) lib/puma/server.rb:299:in `block in run'
puma (3.9.1) lib/puma/thread_pool.rb:120:in `block in spawn_thread'
Started POST "/articles" for 127.0.0.1 at 2017-06-06 15:23:09 -0700
Processing by ArticlesController#create as HTML
  Parameters: {"utf8"=>"✓", "authenticity_token"=>"CQsNl2s9rUSjl4ZVyUwht4UMBkq80VLVP06XtiM6dTEbcErz2tNyV+SlNi9RRHdOUiwLADgPf4Rcz0n+ShDvVA==", "article"=>{"title"=>"e", "text"=>"eee"}, "commit"=>"Save Article"}
  [1m[35m (0.1ms)[0m  [1m[36mbegin transaction[0m
  [1m[35mSQL (0.5ms)[0m  [1m[32mINSERT INTO "articles" ("title", "text", "created_at", "updated_at") VALUES (?, ?, ?, ?)[0m  [["title", "e"], ["text", "eee"], ["created_at", "2017-06-06 22:23:09.523851"], ["updated_at", "2017-06-06 22:23:09.523851"]]
  [1m[35m (0.9ms)[0m  [1m[36mcommit transaction[0m
Redirected to http://localhost:3000/articles/1
Completed 302 Found in 20ms (ActiveRecord: 2.2ms)


Started GET "/articles/1" for 127.0.0.1 at 2017-06-06 15:23:09 -0700
  
AbstractController::ActionNotFound (The action 'show' could not be found for ArticlesController):
  
actionpack (5.1.1) lib/abstract_controller/base.rb:119:in `process'
actionview (5.1.1) lib/action_view/rendering.rb:30:in `process'
actionpack (5.1.1) lib/action_controller/metal.rb:189:in `dispatch'
actionpack (5.1.1) lib/action_controller/metal.rb:253:in `dispatch'
actionpack (5.1.1) lib/action_dispatch/routing/route_set.rb:49:in `dispatch'
actionpack (5.1.1) lib/action_dispatch/routing/route_set.rb:31:in `serve'
actionpack (5.1.1) lib/action_dispatch/journey/router.rb:46:in `block in serve'
actionpack (5.1.1) lib/action_dispatch/journey/router.rb:33:in `each'
actionpack (5.1.1) lib/action_dispatch/journey/router.rb:33:in `serve'
actionpack (5.1.1) lib/action_dispatch/routing/route_set.rb:832:in `call'
rack (2.0.3) lib/rack/etag.rb:25:in `call'
rack (2.0.3) lib/rack/conditional_get.rb:25:in `call'
rack (2.0.3) lib/rack/head.rb:12:in `call'
rack (2.0.3) lib/rack/session/abstract/id.rb:232:in `context'
rack (2.0.3) lib/rack/session/abstract/id.rb:226:in `call'
actionpack (5.1.1) lib/action_dispatch/middleware/cookies.rb:613:in `call'
activerecord (5.1.1) lib/active_record/migration.rb:556:in `call'
actionpack (5.1.1) lib/action_dispatch/middleware/callbacks.rb:26:in `block in call'
activesupport (5.1.1) lib/active_support/callbacks.rb:97:in `run_callbacks'
actionpack (5.1.1) lib/action_dispatch/middleware/callbacks.rb:24:in `call'
actionpack (5.1.1) lib/action_dispatch/middleware/executor.rb:12:in `call'
actionpack (5.1.1) lib/action_dispatch/middleware/debug_exceptions.rb:59:in `call'
web-console (3.5.1) lib/web_console/middleware.rb:135:in `call_app'
web-console (3.5.1) lib/web_console/middleware.rb:28:in `block in call'
web-console (3.5.1) lib/web_console/middleware.rb:18:in `catch'
web-console (3.5.1) lib/web_console/middleware.rb:18:in `call'
actionpack (5.1.1) lib/action_dispatch/middleware/show_exceptions.rb:31:in `call'
railties (5.1.1) lib/rails/rack/logger.rb:36:in `call_app'
railties (5.1.1) lib/rails/rack/logger.rb:24:in `block in call'
activesupport (5.1.1) lib/active_support/tagged_logging.rb:69:in `block in tagged'
activesupport (5.1.1) lib/active_support/tagged_logging.rb:26:in `tagged'
activesupport (5.1.1) lib/active_support/tagged_logging.rb:69:in `tagged'
railties (5.1.1) lib/rails/rack/logger.rb:24:in `call'
sprockets-rails (3.2.0) lib/sprockets/rails/quiet_assets.rb:13:in `call'
actionpack (5.1.1) lib/action_dispatch/middleware/remote_ip.rb:79:in `call'
actionpack (5.1.1) lib/action_dispatch/middleware/request_id.rb:25:in `call'
rack (2.0.3) lib/rack/method_override.rb:22:in `call'
rack (2.0.3) lib/rack/runtime.rb:22:in `call'
activesupport (5.1.1) lib/active_support/cache/strategy/local_cache_middleware.rb:27:in `call'
actionpack (5.1.1) lib/action_dispatch/middleware/executor.rb:12:in `call'
actionpack (5.1.1) lib/action_dispatch/middleware/static.rb:125:in `call'
rack (2.0.3) lib/rack/sendfile.rb:111:in `call'
railties (5.1.1) lib/rails/engine.rb:522:in `call'
puma (3.9.1) lib/puma/configuration.rb:224:in `call'
puma (3.9.1) lib/puma/server.rb:602:in `handle_request'
puma (3.9.1) lib/puma/server.rb:435:in `process_client'
puma (3.9.1) lib/puma/server.rb:299:in `block in run'
puma (3.9.1) lib/puma/thread_pool.rb:120:in `block in spawn_thread'
Started GET "/articles/1" for 127.0.0.1 at 2017-06-06 15:28:00 -0700
  [1m[35m (0.1ms)[0m  [1m[34mSELECT "schema_migrations"."version" FROM "schema_migrations" ORDER BY "schema_migrations"."version" ASC[0m
Processing by ArticlesController#show as HTML
  Parameters: {"id"=>"1"}
  [1m[36mArticle Load (0.5ms)[0m  [1m[34mSELECT  "articles".* FROM "articles" WHERE "articles"."id" = ? LIMIT ?[0m  [["id", 1], ["LIMIT", 1]]
  Rendering articles/show.html.erb within layouts/application
  Rendered articles/show.html.erb within layouts/application (6.9ms)
Completed 200 OK in 167ms (Views: 135.9ms | ActiveRecord: 1.3ms)


Started GET "/articles" for 127.0.0.1 at 2017-06-06 15:29:01 -0700
  [1m[35m (0.1ms)[0m  [1m[34mSELECT "schema_migrations"."version" FROM "schema_migrations" ORDER BY "schema_migrations"."version" ASC[0m
Processing by ArticlesController#index as HTML
Completed 406 Not Acceptable in 58ms (ActiveRecord: 0.0ms)


  
ActionController::UnknownFormat (ArticlesController#index is missing a template for this request format and variant.

request.formats: ["text/html"]
request.variant: []

NOTE! For XHR/Ajax or API requests, this action would normally respond with 204 No Content: an empty white screen. Since you're loading it in a web browser, we assume that you expected to actually render a template, not nothing, so we're showing an error to be extra-clear. If you expect 204 No Content, carry on. That's what you'll get from an XHR or API request. Give it a shot.):
  
actionpack (5.1.1) lib/action_controller/metal/implicit_render.rb:53:in `default_render'
actionpack (5.1.1) lib/action_controller/metal/basic_implicit_render.rb:4:in `block in send_action'
actionpack (5.1.1) lib/action_controller/metal/basic_implicit_render.rb:4:in `tap'
actionpack (5.1.1) lib/action_controller/metal/basic_implicit_render.rb:4:in `send_action'
actionpack (5.1.1) lib/abstract_controller/base.rb:186:in `process_action'
actionpack (5.1.1) lib/action_controller/metal/rendering.rb:30:in `process_action'
actionpack (5.1.1) lib/abstract_controller/callbacks.rb:20:in `block in process_action'
activesupport (5.1.1) lib/active_support/callbacks.rb:131:in `run_callbacks'
actionpack (5.1.1) lib/abstract_controller/callbacks.rb:19:in `process_action'
actionpack (5.1.1) lib/action_controller/metal/rescue.rb:20:in `process_action'
actionpack (5.1.1) lib/action_controller/metal/instrumentation.rb:32:in `block in process_action'
activesupport (5.1.1) lib/active_support/notifications.rb:166:in `block in instrument'
activesupport (5.1.1) lib/active_support/notifications/instrumenter.rb:21:in `instrument'
activesupport (5.1.1) lib/active_support/notifications.rb:166:in `instrument'
actionpack (5.1.1) lib/action_controller/metal/instrumentation.rb:30:in `process_action'
actionpack (5.1.1) lib/action_controller/metal/params_wrapper.rb:252:in `process_action'
activerecord (5.1.1) lib/active_record/railties/controller_runtime.rb:22:in `process_action'
actionpack (5.1.1) lib/abstract_controller/base.rb:124:in `process'
actionview (5.1.1) lib/action_view/rendering.rb:30:in `process'
actionpack (5.1.1) lib/action_controller/metal.rb:189:in `dispatch'
actionpack (5.1.1) lib/action_controller/metal.rb:253:in `dispatch'
actionpack (5.1.1) lib/action_dispatch/routing/route_set.rb:49:in `dispatch'
actionpack (5.1.1) lib/action_dispatch/routing/route_set.rb:31:in `serve'
actionpack (5.1.1) lib/action_dispatch/journey/router.rb:46:in `block in serve'
actionpack (5.1.1) lib/action_dispatch/journey/router.rb:33:in `each'
actionpack (5.1.1) lib/action_dispatch/journey/router.rb:33:in `serve'
actionpack (5.1.1) lib/action_dispatch/routing/route_set.rb:832:in `call'
rack (2.0.3) lib/rack/etag.rb:25:in `call'
rack (2.0.3) lib/rack/conditional_get.rb:25:in `call'
rack (2.0.3) lib/rack/head.rb:12:in `call'
rack (2.0.3) lib/rack/session/abstract/id.rb:232:in `context'
rack (2.0.3) lib/rack/session/abstract/id.rb:226:in `call'
actionpack (5.1.1) lib/action_dispatch/middleware/cookies.rb:613:in `call'
activerecord (5.1.1) lib/active_record/migration.rb:556:in `call'
actionpack (5.1.1) lib/action_dispatch/middleware/callbacks.rb:26:in `block in call'
activesupport (5.1.1) lib/active_support/callbacks.rb:97:in `run_callbacks'
actionpack (5.1.1) lib/action_dispatch/middleware/callbacks.rb:24:in `call'
actionpack (5.1.1) lib/action_dispatch/middleware/executor.rb:12:in `call'
actionpack (5.1.1) lib/action_dispatch/middleware/debug_exceptions.rb:59:in `call'
web-console (3.5.1) lib/web_console/middleware.rb:135:in `call_app'
web-console (3.5.1) lib/web_console/middleware.rb:28:in `block in call'
web-console (3.5.1) lib/web_console/middleware.rb:18:in `catch'
web-console (3.5.1) lib/web_console/middleware.rb:18:in `call'
actionpack (5.1.1) lib/action_dispatch/middleware/show_exceptions.rb:31:in `call'
railties (5.1.1) lib/rails/rack/logger.rb:36:in `call_app'
railties (5.1.1) lib/rails/rack/logger.rb:24:in `block in call'
activesupport (5.1.1) lib/active_support/tagged_logging.rb:69:in `block in tagged'
activesupport (5.1.1) lib/active_support/tagged_logging.rb:26:in `tagged'
activesupport (5.1.1) lib/active_support/tagged_logging.rb:69:in `tagged'
railties (5.1.1) lib/rails/rack/logger.rb:24:in `call'
sprockets-rails (3.2.0) lib/sprockets/rails/quiet_assets.rb:13:in `call'
actionpack (5.1.1) lib/action_dispatch/middleware/remote_ip.rb:79:in `call'
actionpack (5.1.1) lib/action_dispatch/middleware/request_id.rb:25:in `call'
rack (2.0.3) lib/rack/method_override.rb:22:in `call'
rack (2.0.3) lib/rack/runtime.rb:22:in `call'
activesupport (5.1.1) lib/active_support/cache/strategy/local_cache_middleware.rb:27:in `call'
actionpack (5.1.1) lib/action_dispatch/middleware/executor.rb:12:in `call'
actionpack (5.1.1) lib/action_dispatch/middleware/static.rb:125:in `call'
rack (2.0.3) lib/rack/sendfile.rb:111:in `call'
railties (5.1.1) lib/rails/engine.rb:522:in `call'
puma (3.9.1) lib/puma/configuration.rb:224:in `call'
puma (3.9.1) lib/puma/server.rb:602:in `handle_request'
puma (3.9.1) lib/puma/server.rb:435:in `process_client'
puma (3.9.1) lib/puma/server.rb:299:in `block in run'
puma (3.9.1) lib/puma/thread_pool.rb:120:in `block in spawn_thread'
Started GET "/" for 127.0.0.1 at 2017-06-06 15:30:03 -0700
  [1m[35m (0.1ms)[0m  [1m[34mSELECT "schema_migrations"."version" FROM "schema_migrations" ORDER BY "schema_migrations"."version" ASC[0m
Processing by WelcomeController#index as HTML
  Rendering welcome/index.html.erb within layouts/application
  Rendered welcome/index.html.erb within layouts/application (0.7ms)
Completed 200 OK in 184ms (Views: 176.5ms | ActiveRecord: 0.0ms)


Started POST "/articles" for 127.0.0.1 at 2017-06-06 15:30:09 -0700
Processing by ArticlesController#create as HTML
  Parameters: {"utf8"=>"✓", "authenticity_token"=>"CQsNl2s9rUSjl4ZVyUwht4UMBkq80VLVP06XtiM6dTEbcErz2tNyV+SlNi9RRHdOUiwLADgPf4Rcz0n+ShDvVA==", "article"=>{"title"=>"aa", "text"=>"aaaaaaa"}, "commit"=>"Save Article"}
  [1m[35m (0.1ms)[0m  [1m[36mbegin transaction[0m
  [1m[35mSQL (0.4ms)[0m  [1m[32mINSERT INTO "articles" ("title", "text", "created_at", "updated_at") VALUES (?, ?, ?, ?)[0m  [["title", "aa"], ["text", "aaaaaaa"], ["created_at", "2017-06-06 22:30:09.231104"], ["updated_at", "2017-06-06 22:30:09.231104"]]
  [1m[35m (0.6ms)[0m  [1m[36mcommit transaction[0m
Redirected to http://localhost:3000/articles/2
Completed 302 Found in 12ms (ActiveRecord: 2.1ms)


Started GET "/articles/2" for 127.0.0.1 at 2017-06-06 15:30:09 -0700
Processing by ArticlesController#show as HTML
  Parameters: {"id"=>"2"}
  [1m[36mArticle Load (0.2ms)[0m  [1m[34mSELECT  "articles".* FROM "articles" WHERE "articles"."id" = ? LIMIT ?[0m  [["id", 2], ["LIMIT", 1]]
  Rendering articles/show.html.erb within layouts/application
  Rendered articles/show.html.erb within layouts/application (0.4ms)
Completed 200 OK in 19ms (Views: 14.4ms | ActiveRecord: 0.2ms)


Started GET "/articles" for 127.0.0.1 at 2017-06-06 15:30:12 -0700
Processing by ArticlesController#index as HTML
Completed 406 Not Acceptable in 60ms (ActiveRecord: 0.0ms)


  
ActionController::UnknownFormat (ArticlesController#index is missing a template for this request format and variant.

request.formats: ["text/html"]
request.variant: []

NOTE! For XHR/Ajax or API requests, this action would normally respond with 204 No Content: an empty white screen. Since you're loading it in a web browser, we assume that you expected to actually render a template, not nothing, so we're showing an error to be extra-clear. If you expect 204 No Content, carry on. That's what you'll get from an XHR or API request. Give it a shot.):
  
actionpack (5.1.1) lib/action_controller/metal/implicit_render.rb:53:in `default_render'
actionpack (5.1.1) lib/action_controller/metal/basic_implicit_render.rb:4:in `block in send_action'
actionpack (5.1.1) lib/action_controller/metal/basic_implicit_render.rb:4:in `tap'
actionpack (5.1.1) lib/action_controller/metal/basic_implicit_render.rb:4:in `send_action'
actionpack (5.1.1) lib/abstract_controller/base.rb:186:in `process_action'
actionpack (5.1.1) lib/action_controller/metal/rendering.rb:30:in `process_action'
actionpack (5.1.1) lib/abstract_controller/callbacks.rb:20:in `block in process_action'
activesupport (5.1.1) lib/active_support/callbacks.rb:131:in `run_callbacks'
actionpack (5.1.1) lib/abstract_controller/callbacks.rb:19:in `process_action'
actionpack (5.1.1) lib/action_controller/metal/rescue.rb:20:in `process_action'
actionpack (5.1.1) lib/action_controller/metal/instrumentation.rb:32:in `block in process_action'
activesupport (5.1.1) lib/active_support/notifications.rb:166:in `block in instrument'
activesupport (5.1.1) lib/active_support/notifications/instrumenter.rb:21:in `instrument'
activesupport (5.1.1) lib/active_support/notifications.rb:166:in `instrument'
actionpack (5.1.1) lib/action_controller/metal/instrumentation.rb:30:in `process_action'
actionpack (5.1.1) lib/action_controller/metal/params_wrapper.rb:252:in `process_action'
activerecord (5.1.1) lib/active_record/railties/controller_runtime.rb:22:in `process_action'
actionpack (5.1.1) lib/abstract_controller/base.rb:124:in `process'
actionview (5.1.1) lib/action_view/rendering.rb:30:in `process'
actionpack (5.1.1) lib/action_controller/metal.rb:189:in `dispatch'
actionpack (5.1.1) lib/action_controller/metal.rb:253:in `dispatch'
actionpack (5.1.1) lib/action_dispatch/routing/route_set.rb:49:in `dispatch'
actionpack (5.1.1) lib/action_dispatch/routing/route_set.rb:31:in `serve'
actionpack (5.1.1) lib/action_dispatch/journey/router.rb:46:in `block in serve'
actionpack (5.1.1) lib/action_dispatch/journey/router.rb:33:in `each'
actionpack (5.1.1) lib/action_dispatch/journey/router.rb:33:in `serve'
actionpack (5.1.1) lib/action_dispatch/routing/route_set.rb:832:in `call'
rack (2.0.3) lib/rack/etag.rb:25:in `call'
rack (2.0.3) lib/rack/conditional_get.rb:25:in `call'
rack (2.0.3) lib/rack/head.rb:12:in `call'
rack (2.0.3) lib/rack/session/abstract/id.rb:232:in `context'
rack (2.0.3) lib/rack/session/abstract/id.rb:226:in `call'
actionpack (5.1.1) lib/action_dispatch/middleware/cookies.rb:613:in `call'
activerecord (5.1.1) lib/active_record/migration.rb:556:in `call'
actionpack (5.1.1) lib/action_dispatch/middleware/callbacks.rb:26:in `block in call'
activesupport (5.1.1) lib/active_support/callbacks.rb:97:in `run_callbacks'
actionpack (5.1.1) lib/action_dispatch/middleware/callbacks.rb:24:in `call'
actionpack (5.1.1) lib/action_dispatch/middleware/executor.rb:12:in `call'
actionpack (5.1.1) lib/action_dispatch/middleware/debug_exceptions.rb:59:in `call'
web-console (3.5.1) lib/web_console/middleware.rb:135:in `call_app'
web-console (3.5.1) lib/web_console/middleware.rb:28:in `block in call'
web-console (3.5.1) lib/web_console/middleware.rb:18:in `catch'
web-console (3.5.1) lib/web_console/middleware.rb:18:in `call'
actionpack (5.1.1) lib/action_dispatch/middleware/show_exceptions.rb:31:in `call'
railties (5.1.1) lib/rails/rack/logger.rb:36:in `call_app'
railties (5.1.1) lib/rails/rack/logger.rb:24:in `block in call'
activesupport (5.1.1) lib/active_support/tagged_logging.rb:69:in `block in tagged'
activesupport (5.1.1) lib/active_support/tagged_logging.rb:26:in `tagged'
activesupport (5.1.1) lib/active_support/tagged_logging.rb:69:in `tagged'
railties (5.1.1) lib/rails/rack/logger.rb:24:in `call'
sprockets-rails (3.2.0) lib/sprockets/rails/quiet_assets.rb:13:in `call'
actionpack (5.1.1) lib/action_dispatch/middleware/remote_ip.rb:79:in `call'
actionpack (5.1.1) lib/action_dispatch/middleware/request_id.rb:25:in `call'
rack (2.0.3) lib/rack/method_override.rb:22:in `call'
rack (2.0.3) lib/rack/runtime.rb:22:in `call'
activesupport (5.1.1) lib/active_support/cache/strategy/local_cache_middleware.rb:27:in `call'
actionpack (5.1.1) lib/action_dispatch/middleware/executor.rb:12:in `call'
actionpack (5.1.1) lib/action_dispatch/middleware/static.rb:125:in `call'
rack (2.0.3) lib/rack/sendfile.rb:111:in `call'
railties (5.1.1) lib/rails/engine.rb:522:in `call'
puma (3.9.1) lib/puma/configuration.rb:224:in `call'
puma (3.9.1) lib/puma/server.rb:602:in `handle_request'
puma (3.9.1) lib/puma/server.rb:435:in `process_client'
puma (3.9.1) lib/puma/server.rb:299:in `block in run'
puma (3.9.1) lib/puma/thread_pool.rb:120:in `block in spawn_thread'
Started GET "/articles" for 127.0.0.1 at 2017-06-06 15:30:52 -0700
  [1m[35m (0.1ms)[0m  [1m[34mSELECT "schema_migrations"."version" FROM "schema_migrations" ORDER BY "schema_migrations"."version" ASC[0m
Processing by ArticlesController#index as HTML
  Rendering articles/index.html.erb within layouts/application
  [1m[36mArticle Load (0.2ms)[0m  [1m[34mSELECT "articles".* FROM "articles"[0m
  Rendered articles/index.html.erb within layouts/application (11.7ms)
Completed 200 OK in 159ms (Views: 146.9ms | ActiveRecord: 0.6ms)


Started GET "/articles" for 127.0.0.1 at 2017-06-06 15:41:55 -0700
  [1m[35m (0.1ms)[0m  [1m[34mSELECT "schema_migrations"."version" FROM "schema_migrations" ORDER BY "schema_migrations"."version" ASC[0m
Processing by ArticlesController#index as HTML
  Rendering articles/index.html.erb within layouts/application
  [1m[36mArticle Load (0.2ms)[0m  [1m[34mSELECT "articles".* FROM "articles"[0m
  Rendered articles/index.html.erb within layouts/application (7.5ms)
Completed 200 OK in 155ms (Views: 143.3ms | ActiveRecord: 0.7ms)


Started GET "/articles/1/edit" for 127.0.0.1 at 2017-06-06 15:41:57 -0700
Processing by ArticlesController#edit as HTML
  Parameters: {"id"=>"1"}
  Rendering articles/edit.html.erb within layouts/application
  Rendered articles/edit.html.erb within layouts/application (3.4ms)
Completed 500 Internal Server Error in 10ms (ActiveRecord: 0.0ms)


  
ActionView::Template::Error (First argument in form cannot contain nil or be empty):
    1: 
    2: <h1>Edit article</h1>
    3:  
    4: <%= form_for(@article) do |f| %>
    5:  
    6:   <% if @article.errors.any? %>
    7:     <div id="error_explanation">
  
app/views/articles/edit.html.erb:4:in `_app_views_articles_edit_html_erb__2899616706124670026_70353593935140'
Started GET "/articles" for 127.0.0.1 at 2017-06-06 15:42:03 -0700
Processing by ArticlesController#index as HTML
  Rendering articles/index.html.erb within layouts/application
  [1m[36mArticle Load (0.1ms)[0m  [1m[34mSELECT "articles".* FROM "articles"[0m
  Rendered articles/index.html.erb within layouts/application (2.1ms)
Completed 200 OK in 21ms (Views: 19.2ms | ActiveRecord: 0.3ms)


Started GET "/articles" for 127.0.0.1 at 2017-06-06 15:46:20 -0700
  [1m[35m (0.1ms)[0m  [1m[34mSELECT "schema_migrations"."version" FROM "schema_migrations" ORDER BY "schema_migrations"."version" ASC[0m
Processing by ArticlesController#index as HTML
  Rendering articles/index.html.erb within layouts/application
  [1m[36mArticle Load (0.2ms)[0m  [1m[34mSELECT "articles".* FROM "articles"[0m
  Rendered articles/index.html.erb within layouts/application (7.5ms)
Completed 200 OK in 147ms (Views: 136.3ms | ActiveRecord: 0.6ms)


  [1m[35m (0.1ms)[0m  [1m[34mSELECT "schema_migrations"."version" FROM "schema_migrations" ORDER BY "schema_migrations"."version" ASC[0m
Migrating to CreateComments (20170606224658)
  [1m[35m (0.1ms)[0m  [1m[36mbegin transaction[0m
  [1m[35m (0.1ms)[0m  [1m[34mSELECT sqlite_version(*)[0m
  [1m[35m (1.5ms)[0m  [1m[35mCREATE TABLE "comments" ("id" INTEGER PRIMARY KEY AUTOINCREMENT NOT NULL, "commenter" varchar, "body" text, "article_id" integer, "created_at" datetime NOT NULL, "updated_at" datetime NOT NULL, CONSTRAINT "fk_rails_3bf61a60d3"
FOREIGN KEY ("article_id")
  REFERENCES "articles" ("id")
)[0m
  [1m[35m (0.1ms)[0m  [1m[35mCREATE  INDEX "index_comments_on_article_id" ON "comments" ("article_id")[0m
  [1m[35mSQL (0.1ms)[0m  [1m[32mINSERT INTO "schema_migrations" ("version") VALUES (?)[0m  [["version", "20170606224658"]]
  [1m[35m (0.8ms)[0m  [1m[36mcommit transaction[0m
  [1m[36mActiveRecord::InternalMetadata Load (0.1ms)[0m  [1m[34mSELECT  "ar_internal_metadata".* FROM "ar_internal_metadata" WHERE "ar_internal_metadata"."key" = ? LIMIT ?[0m  [["key", "environment"], ["LIMIT", 1]]
  [1m[35m (0.0ms)[0m  [1m[36mbegin transaction[0m
  [1m[35m (0.0ms)[0m  [1m[36mcommit transaction[0m
  [1m[35m (0.1ms)[0m  [1m[34mSELECT "schema_migrations"."version" FROM "schema_migrations" ORDER BY "schema_migrations"."version" ASC[0m
  [1m[35m (0.1ms)[0m  [1m[34m            SELECT sql
            FROM sqlite_master
            WHERE name='index_comments_on_article_id' AND type='index'
            UNION ALL
            SELECT sql
            FROM sqlite_temp_master
            WHERE name='index_comments_on_article_id' AND type='index'
[0m
Started GET "/articles" for 127.0.0.1 at 2017-06-06 15:56:50 -0700
  [1m[35m (0.1ms)[0m  [1m[34mSELECT "schema_migrations"."version" FROM "schema_migrations" ORDER BY "schema_migrations"."version" ASC[0m
Processing by ArticlesController#index as HTML
  Rendering articles/index.html.erb within layouts/application
  [1m[36mArticle Load (0.2ms)[0m  [1m[34mSELECT "articles".* FROM "articles"[0m
  Rendered articles/index.html.erb within layouts/application (7.3ms)
Completed 200 OK in 214ms (Views: 194.5ms | ActiveRecord: 0.6ms)


Started GET "/articles/1" for 127.0.0.1 at 2017-06-06 15:56:51 -0700
Processing by ArticlesController#show as HTML
  Parameters: {"id"=>"1"}
  [1m[36mArticle Load (0.2ms)[0m  [1m[34mSELECT  "articles".* FROM "articles" WHERE "articles"."id" = ? LIMIT ?[0m  [["id", 1], ["LIMIT", 1]]
  Rendering articles/show.html.erb within layouts/application
  [1m[36mComment Load (0.1ms)[0m  [1m[34mSELECT "comments".* FROM "comments" WHERE "comments"."article_id" = ?[0m  [["article_id", 1]]
  Rendered articles/show.html.erb within layouts/application (43.9ms)
Completed 200 OK in 77ms (Views: 72.8ms | ActiveRecord: 0.7ms)


Started POST "/articles/1/comments" for 127.0.0.1 at 2017-06-06 15:56:53 -0700
Processing by CommentsController#create as HTML
  Parameters: {"utf8"=>"✓", "authenticity_token"=>"OJNPhKBqkK1UweeXyv7U6VuiAo64XvXo4NTu3W25aE4xAL8bxwj1B7JZZOM85OKwjOwNcyLlgq2e1Kg7m+rzkQ==", "comment"=>{"commenter"=>"", "body"=>""}, "commit"=>"Create Comment", "article_id"=>"1"}
  [1m[36mArticle Load (0.2ms)[0m  [1m[34mSELECT  "articles".* FROM "articles" WHERE "articles"."id" = ? LIMIT ?[0m  [["id", 1], ["LIMIT", 1]]
  [1m[35m (0.0ms)[0m  [1m[36mbegin transaction[0m
  [1m[35mSQL (0.5ms)[0m  [1m[32mINSERT INTO "comments" ("commenter", "body", "article_id", "created_at", "updated_at") VALUES (?, ?, ?, ?, ?)[0m  [["commenter", ""], ["body", ""], ["article_id", 1], ["created_at", "2017-06-06 22:56:53.465189"], ["updated_at", "2017-06-06 22:56:53.465189"]]
  [1m[35m (6.2ms)[0m  [1m[36mcommit transaction[0m
Redirected to http://localhost:3000/articles/1
Completed 302 Found in 11ms (ActiveRecord: 7.0ms)


Started GET "/articles/1" for 127.0.0.1 at 2017-06-06 15:56:53 -0700
Processing by ArticlesController#show as HTML
  Parameters: {"id"=>"1"}
  [1m[36mArticle Load (0.1ms)[0m  [1m[34mSELECT  "articles".* FROM "articles" WHERE "articles"."id" = ? LIMIT ?[0m  [["id", 1], ["LIMIT", 1]]
  Rendering articles/show.html.erb within layouts/application
  [1m[36mComment Load (0.1ms)[0m  [1m[34mSELECT "comments".* FROM "comments" WHERE "comments"."article_id" = ?[0m  [["article_id", 1]]
  Rendered articles/show.html.erb within layouts/application (3.3ms)
Completed 200 OK in 23ms (Views: 20.4ms | ActiveRecord: 0.2ms)


Started POST "/articles/1/comments" for 127.0.0.1 at 2017-06-06 15:56:58 -0700
Processing by CommentsController#create as HTML
  Parameters: {"utf8"=>"✓", "authenticity_token"=>"EnvzYLLpqmUP0Ofn1K6dpZnK4h6gd5RV0kSYZ+Q1cqkAALQEAwd1dkjiV51MpstcTurvVCSpuQSxxUYvjR/ozA==", "comment"=>{"commenter"=>"boner!", "body"=>"lol"}, "commit"=>"Create Comment", "article_id"=>"1"}
  [1m[36mArticle Load (0.1ms)[0m  [1m[34mSELECT  "articles".* FROM "articles" WHERE "articles"."id" = ? LIMIT ?[0m  [["id", 1], ["LIMIT", 1]]
  [1m[35m (0.1ms)[0m  [1m[36mbegin transaction[0m
  [1m[35mSQL (0.4ms)[0m  [1m[32mINSERT INTO "comments" ("commenter", "body", "article_id", "created_at", "updated_at") VALUES (?, ?, ?, ?, ?)[0m  [["commenter", "boner!"], ["body", "lol"], ["article_id", 1], ["created_at", "2017-06-06 22:56:58.522402"], ["updated_at", "2017-06-06 22:56:58.522402"]]
  [1m[35m (0.8ms)[0m  [1m[36mcommit transaction[0m
Redirected to http://localhost:3000/articles/1
Completed 302 Found in 5ms (ActiveRecord: 1.3ms)


Started GET "/articles/1" for 127.0.0.1 at 2017-06-06 15:56:58 -0700
Processing by ArticlesController#show as HTML
  Parameters: {"id"=>"1"}
  [1m[36mArticle Load (0.2ms)[0m  [1m[34mSELECT  "articles".* FROM "articles" WHERE "articles"."id" = ? LIMIT ?[0m  [["id", 1], ["LIMIT", 1]]
  Rendering articles/show.html.erb within layouts/application
  [1m[36mComment Load (0.1ms)[0m  [1m[34mSELECT "comments".* FROM "comments" WHERE "comments"."article_id" = ?[0m  [["article_id", 1]]
  Rendered articles/show.html.erb within layouts/application (3.2ms)
Completed 200 OK in 23ms (Views: 20.0ms | ActiveRecord: 0.3ms)


Started GET "/" for 127.0.0.1 at 2017-06-06 16:11:02 -0700
  [1m[35m (0.1ms)[0m  [1m[34mSELECT "schema_migrations"."version" FROM "schema_migrations" ORDER BY "schema_migrations"."version" ASC[0m
Processing by WelcomeController#index as HTML
  Rendering welcome/index.html.erb within layouts/application
  Rendered welcome/index.html.erb within layouts/application (0.8ms)
Completed 200 OK in 203ms (Views: 193.9ms | ActiveRecord: 0.0ms)


Started GET "/articles/1" for 127.0.0.1 at 2017-06-06 16:12:25 -0700
  [1m[35m (0.1ms)[0m  [1m[34mSELECT "schema_migrations"."version" FROM "schema_migrations" ORDER BY "schema_migrations"."version" ASC[0m
Processing by ArticlesController#show as HTML
  Parameters: {"id"=>"1"}
  [1m[36mArticle Load (0.2ms)[0m  [1m[34mSELECT  "articles".* FROM "articles" WHERE "articles"."id" = ? LIMIT ?[0m  [["id", 1], ["LIMIT", 1]]
  Rendering articles/show.html.erb within layouts/application
  [1m[36mComment Load (0.1ms)[0m  [1m[34mSELECT "comments".* FROM "comments" WHERE "comments"."article_id" = ?[0m  [["article_id", 1]]
  Rendered collection of comments/_comment.html.erb [2 times] (2.0ms)
  Rendered articles/show.html.erb within layouts/application (30.4ms)
Completed 500 Internal Server Error in 62ms (ActiveRecord: 1.3ms)


  
ActionView::Template::Error (Missing partial comments/_form with {:locale=>[:en], :formats=>[:html], :variants=>[], :handlers=>[:raw, :erb, :html, :builder, :ruby, :coffee, :jbuilder]}. Searched in:
  * "/Users/emmet/Desktop/bucket1backend/bucket1backend/app/views"
):
    12: <%= render @article.comments %>
    13:  
    14: <h2>Add a comment:</h2>
    15: <%= render 'comments/form' %>
    16:  
    17: <%= link_to 'Edit', edit_article_path(@article) %> |
    18: <%= link_to 'Back', articles_path %>
  
app/views/articles/show.html.erb:15:in `_app_views_articles_show_html_erb__4120128328745341063_70127990333960'
Started GET "/articles/1" for 127.0.0.1 at 2017-06-06 16:15:31 -0700
  [1m[35m (0.1ms)[0m  [1m[34mSELECT "schema_migrations"."version" FROM "schema_migrations" ORDER BY "schema_migrations"."version" ASC[0m
Processing by ArticlesController#show as HTML
  Parameters: {"id"=>"1"}
  [1m[36mArticle Load (0.1ms)[0m  [1m[34mSELECT  "articles".* FROM "articles" WHERE "articles"."id" = ? LIMIT ?[0m  [["id", 1], ["LIMIT", 1]]
  Rendering articles/show.html.erb within layouts/application
  [1m[36mComment Load (0.1ms)[0m  [1m[34mSELECT "comments".* FROM "comments" WHERE "comments"."article_id" = ?[0m  [["article_id", 1]]
  Rendered collection of comments/_comment.html.erb [2 times] (1.9ms)
  Rendered comments/_form.html.erb (154.1ms)
  Rendered articles/show.html.erb within layouts/application (178.4ms)
Completed 500 Internal Server Error in 216ms (ActiveRecord: 1.6ms)


  
ActionView::Template::Error (undefined local variable or method `comment' for #<#<Class:0x007f894ceb9100>:0x007f894ceb2580>):
    1: 
    2: <p>
    3:   <strong>Commenter:</strong>
    4:   <%= comment.commenter %>
    5: </p>
    6:  
    7: <p>
  
app/views/comments/_form.html.erb:4:in `_app_views_comments__form_html_erb___161212039212798906_70113838699980'
app/views/articles/show.html.erb:15:in `_app_views_articles_show_html_erb__4492535340020050989_70113829101720'
Started GET "/articles/1" for 127.0.0.1 at 2017-06-06 16:15:58 -0700
  [1m[35m (0.1ms)[0m  [1m[34mSELECT "schema_migrations"."version" FROM "schema_migrations" ORDER BY "schema_migrations"."version" ASC[0m
Processing by ArticlesController#show as HTML
  Parameters: {"id"=>"1"}
  [1m[36mArticle Load (0.3ms)[0m  [1m[34mSELECT  "articles".* FROM "articles" WHERE "articles"."id" = ? LIMIT ?[0m  [["id", 1], ["LIMIT", 1]]
  Rendering articles/show.html.erb within layouts/application
  [1m[36mComment Load (0.1ms)[0m  [1m[34mSELECT "comments".* FROM "comments" WHERE "comments"."article_id" = ?[0m  [["article_id", 1]]
  Rendered articles/show.html.erb within layouts/application (24.4ms)
Completed 500 Internal Server Error in 61ms (ActiveRecord: 1.5ms)


  
ActionView::Template::Error (Missing partial comments/_comment with {:locale=>[:en], :formats=>[:html], :variants=>[], :handlers=>[:raw, :erb, :html, :builder, :ruby, :coffee, :jbuilder]}. Searched in:
  * "/Users/emmet/Desktop/bucket1backend/bucket1backend/app/views"
):
     9: </p>
    10:  
    11: <h2>Comments</h2>
    12: <%= render @article.comments %>
    13:  
    14: <h2>Add a comment:</h2>
    15: <%= render 'comments/form' %>
  
app/views/articles/show.html.erb:12:in `_app_views_articles_show_html_erb__1531640763622118699_70249401792100'
Started GET "/" for 127.0.0.1 at 2017-06-06 16:17:54 -0700
  [1m[35m (0.1ms)[0m  [1m[34mSELECT "schema_migrations"."version" FROM "schema_migrations" ORDER BY "schema_migrations"."version" ASC[0m
Processing by WelcomeController#index as HTML
  Rendering welcome/index.html.erb within layouts/application
  Rendered welcome/index.html.erb within layouts/application (1.4ms)
Completed 200 OK in 155ms (Views: 147.3ms | ActiveRecord: 0.0ms)


Started GET "/articles/2" for 127.0.0.1 at 2017-06-06 16:18:00 -0700
Processing by ArticlesController#show as HTML
  Parameters: {"id"=>"2"}
  [1m[36mArticle Load (0.1ms)[0m  [1m[34mSELECT  "articles".* FROM "articles" WHERE "articles"."id" = ? LIMIT ?[0m  [["id", 2], ["LIMIT", 1]]
  Rendering articles/show.html.erb within layouts/application
  [1m[36mComment Load (0.2ms)[0m  [1m[34mSELECT "comments".* FROM "comments" WHERE "comments"."article_id" = ?[0m  [["article_id", 2]]
  Rendered collection of templates [0 times] (0.0ms)
  Rendered comments/_form.html.erb (179.9ms)
  Rendered articles/show.html.erb within layouts/application (194.4ms)
Completed 500 Internal Server Error in 212ms (ActiveRecord: 1.5ms)


  
ActionView::Template::Error (undefined local variable or method `comment' for #<#<Class:0x007f90ed968ef0>:0x007f90e672dbb0>):
    1: 
    2: <p>
    3:   <strong>Commenter:</strong>
    4:   <%= comment.commenter %>
    5: </p>
    6:  
    7: <p>
  
app/views/comments/_form.html.erb:4:in `_app_views_comments__form_html_erb__2403391479368146128_70130170948800'
app/views/articles/show.html.erb:15:in `_app_views_articles_show_html_erb__471504809133393431_70130219043780'
Started POST "/articles" for 127.0.0.1 at 2017-06-06 16:18:03 -0700
Processing by ArticlesController#create as HTML
  Parameters: {"utf8"=>"✓", "authenticity_token"=>"CQsNl2s9rUSjl4ZVyUwht4UMBkq80VLVP06XtiM6dTEbcErz2tNyV+SlNi9RRHdOUiwLADgPf4Rcz0n+ShDvVA==", "article"=>{"title"=>"aa", "text"=>"aaaaaaa"}, "commit"=>"Save Article"}
Filter chain halted as #<Proc:0x007f90eb025f70@/usr/local/lib/ruby/gems/2.4.0/gems/actionpack-5.1.1/lib/action_controller/metal/http_authentication.rb:70> rendered or redirected
Completed 401 Unauthorized in 5ms (ActiveRecord: 0.0ms)


Started GET "/articles" for 127.0.0.1 at 2017-06-06 16:20:57 -0700
  [1m[35m (0.2ms)[0m  [1m[34mSELECT "schema_migrations"."version" FROM "schema_migrations" ORDER BY "schema_migrations"."version" ASC[0m
Processing by ArticlesController#index as HTML
  Rendering articles/index.html.erb within layouts/application
  [1m[36mArticle Load (0.2ms)[0m  [1m[34mSELECT "articles".* FROM "articles"[0m
  Rendered articles/index.html.erb within layouts/application (18.7ms)
Completed 200 OK in 164ms (Views: 147.3ms | ActiveRecord: 0.7ms)


Started GET "/articles/1/edit" for 127.0.0.1 at 2017-06-06 16:20:58 -0700
Processing by ArticlesController#edit as HTML
  Parameters: {"id"=>"1"}
Filter chain halted as #<Proc:0x007fd1a8d3b2c0@/usr/local/lib/ruby/gems/2.4.0/gems/actionpack-5.1.1/lib/action_controller/metal/http_authentication.rb:70> rendered or redirected
Completed 401 Unauthorized in 0ms (ActiveRecord: 0.0ms)


Started GET "/articles" for 127.0.0.1 at 2017-06-06 16:21:01 -0700
Processing by ArticlesController#index as HTML
  Rendering articles/index.html.erb within layouts/application
  [1m[36mArticle Load (0.2ms)[0m  [1m[34mSELECT "articles".* FROM "articles"[0m
  Rendered articles/index.html.erb within layouts/application (3.1ms)
Completed 200 OK in 21ms (Views: 19.1ms | ActiveRecord: 0.4ms)


Started DELETE "/articles/1" for 127.0.0.1 at 2017-06-06 16:21:05 -0700
Processing by ArticlesController#destroy as HTML
  Parameters: {"authenticity_token"=>"XaLS3AZP4LZuNCFXS9mbflrXI9pyf3INlicBr986KodP2ZW4t6E/pSkGkS3T0c2HjfcukPahX1z1pt/nthCw4g==", "id"=>"1"}
Filter chain halted as #<Proc:0x007fd1a8d3b2c0@/usr/local/lib/ruby/gems/2.4.0/gems/actionpack-5.1.1/lib/action_controller/metal/http_authentication.rb:70> rendered or redirected
Completed 401 Unauthorized in 1ms (ActiveRecord: 0.0ms)


